android/app/build/outputs/logs/manifest-merger-debug-report.txt
-- Merging decision tree log ---
manifest
ADDED from src/main/AndroidManifest.xml:1:1-40:12
INJECTED from src/main/AndroidManifest.xml:1:1-40:12
INJECTED from src/main/AndroidManifest.xml:1:1-40:12
INJECTED from src/main/AndroidManifest.xml:1:1-40:12
MERGED from src/main/AndroidManifest.xml:1:1-40:12
MERGED from [:cloud_firestore] AndroidManifest.xml:2:1-17:12
MERGED from [:firebase_auth] AndroidManifest.xml:2:1-17:12
MERGED from [:firebase_storage] AndroidManifest.xml:2:1-17:12
MERGED from [:firebase_core] AndroidManifest.xml:2:1-17:12
MERGED from [:agora_uikit] AndroidManifest.xml:2:1-9:12
MERGED from [:agora_rtm] AndroidManifest.xml:2:1-13:12
MERGED from [:zego_zim] AndroidManifest.xml:2:1-9:12
MERGED from [:cached_video_player] AndroidManifest.xml:2:1-9:12
MERGED from [:path_provider_android] AndroidManifest.xml:2:1-9:12
MERGED from [:wakelock] AndroidManifest.xml:2:1-9:12
MERGED from [:shared_preferences_android] AndroidManifest.xml:2:1-9:12
MERGED from [:zego_zpns] AndroidManifest.xml:2:1-20:12
MERGED from [:agora_rtc_engine] AndroidManifest.xml:2:1-23:12
MERGED from [:flutter_sound] AndroidManifest.xml:2:1-9:12
MERGED from [:flutter_logs] AndroidManifest.xml:2:1-9:12
MERGED from [:image_picker_android] AndroidManifest.xml:2:1-21:12
MERGED from [:video_player_android] AndroidManifest.xml:2:1-9:12
MERGED from [:native_device_orientation] AndroidManifest.xml:2:1-9:12
MERGED from [:flutter_plugin_android_lifecycle] AndroidManifest.xml:2:1-9:12
MERGED from [:flutter_vibrate] AndroidManifest.xml:2:1-9:12
MERGED from [:awesome_notifications] AndroidManifest.xml:2:1-52:12
MERGED from [:audioplayers_android] AndroidManifest.xml:2:1-11:12
MERGED from [:sqflite] AndroidManifest.xml:2:1-9:12
MERGED from [:iris_event] AndroidManifest.xml:2:1-9:12
MERGED from [:permission_handler_android] AndroidManifest.xml:2:1-9:12
MERGED from [:emoji_picker_flutter] AndroidManifest.xml:2:1-9:12
MERGED from [:zego_express_engine] AndroidManifest.xml:2:1-30:12
MERGED from [:flutter_contacts] AndroidManifest.xml:2:1-9:12
MERGED from [com.github.umair13adil:RxLogs:1.0.18] AndroidManifest.xml:2:1-21:12
MERGED from [androidx.work:work-runtime-ktx:2.7.1] AndroidManifest.xml:17:1-24:12
MERGED from [me.carda:androidcore:0.7.7] AndroidManifest.xml:2:1-18:12
MERGED from [com.github.canardoux:flutter_sound_core:9.2.13] AndroidManifest.xml:2:1-18:12
MERGED from [androidx.appcompat:appcompat-resources:1.5.1] AndroidManifest.xml:17:1-22:12
MERGED from [androidx.appcompat:appcompat:1.5.1] AndroidManifest.xml:17:1-22:12
MERGED from [com.google.firebase:firebase-auth:21.1.0] AndroidManifest.xml:17:1-73:12
MERGED from [com.google.firebase:firebase-firestore:24.4.2] AndroidManifest.xml:2:1-25:12
MERGED from [com.google.firebase:firebase-storage:20.1.0] AndroidManifest.xml:15:1-38:12
MERGED from [com.google.firebase:firebase-auth-interop:20.0.0] AndroidManifest.xml:2:1-10:12
MERGED from [com.google.firebase:firebase-appcheck-interop:16.1.1] AndroidManifest.xml:15:1-25:12
MERGED from [com.google.firebase:firebase-common:20.3.0] AndroidManifest.xml:15:1-39:12
MERGED from [com.google.android.gms:play-services-auth-api-phone:17.4.0] AndroidManifest.xml:2:1-7:12
MERGED from [com.google.android.gms:play-services-safetynet:17.0.0] AndroidManifest.xml:17:1-24:12
MERGED from [com.google.firebase:firebase-database-collection:18.0.1] AndroidManifest.xml:2:1-9:12
MERGED from [com.google.android.gms:play-services-base:18.0.1] AndroidManifest.xml:16:1-24:12
MERGED from [com.google.android.gms:play-services-tasks:18.0.2] AndroidManifest.xml:2:1-6:12
MERGED from [com.google.android.gms:play-services-basement:18.1.0] AndroidManifest.xml:16:1-26:12
MERGED from [androidx.fragment:fragment:1.3.6] AndroidManifest.xml:17:1-24:12
MERGED from [androidx.activity:activity:1.5.1] AndroidManifest.xml:17:1-24:12
MERGED from [androidx.loader:loader:1.0.0] AndroidManifest.xml:17:1-22:12
MERGED from [androidx.lifecycle:lifecycle-viewmodel:2.5.1] AndroidManifest.xml:17:1-24:12
MERGED from [androidx.lifecycle:lifecycle-viewmodel-savedstate:2.5.1] AndroidManifest.xml:17:1-24:12
MERGED from [androidx.window:window-java:1.0.0-beta04] AndroidManifest.xml:17:1-23:12
MERGED from [androidx.window:window:1.0.0-beta04] AndroidManifest.xml:17:1-33:12
MERGED from [com.google.android.exoplayer:exoplayer-hls:2.18.1] AndroidManifest.xml:17:1-24:12
MERGED from [com.google.android.exoplayer:exoplayer-dash:2.18.1] AndroidManifest.xml:17:1-24:12
MERGED from [com.google.android.exoplayer:exoplayer-smoothstreaming:2.18.1] AndroidManifest.xml:17:1-24:12
MERGED from [com.google.android.exoplayer:exoplayer-core:2.18.1] AndroidManifest.xml:17:1-26:12
MERGED from [androidx.work:work-rxjava2:2.7.1] AndroidManifest.xml:17:1-24:12
MERGED from [androidx.work:work-runtime:2.7.1] AndroidManifest.xml:17:1-145:12
MERGED from [androidx.media:media:1.6.0] AndroidManifest.xml:17:1-24:12
MERGED from [androidx.browser:browser:1.4.0] AndroidManifest.xml:17:1-24:12
MERGED from [androidx.drawerlayout:drawerlayout:1.0.0] AndroidManifest.xml:17:1-22:12
MERGED from [androidx.emoji2:emoji2-views-helper:1.2.0] AndroidManifest.xml:2:1-7:12
MERGED from [androidx.emoji2:emoji2:1.2.0] AndroidManifest.xml:17:1-35:12
MERGED from [androidx.viewpager:viewpager:1.0.0] AndroidManifest.xml:17:1-22:12
MERGED from [androidx.vectordrawable:vectordrawable-animated:1.1.0] AndroidManifest.xml:17:1-24:12
MERGED from [androidx.vectordrawable:vectordrawable:1.1.0] AndroidManifest.xml:17:1-24:12
MERGED from [androidx.customview:customview:1.0.0] AndroidManifest.xml:17:1-22:12
MERGED from [androidx.core:core:1.9.0] AndroidManifest.xml:17:1-30:12
MERGED from [androidx.core:core-ktx:1.9.0] AndroidManifest.xml:2:1-7:12
MERGED from [androidx.exifinterface:exifinterface:1.3.3] AndroidManifest.xml:17:1-24:12
MERGED from [androidx.lifecycle:lifecycle-process:2.5.1] AndroidManifest.xml:17:1-37:12
MERGED from [androidx.startup:startup-runtime:1.1.1] AndroidManifest.xml:17:1-33:12
MERGED from [androidx.tracing:tracing:1.0.0] AndroidManifest.xml:17:1-24:12
MERGED from [androidx.versionedparcelable:versionedparcelable:1.1.1] AndroidManifest.xml:17:1-27:12
MERGED from [androidx.localbroadcastmanager:localbroadcastmanager:1.1.0] AndroidManifest.xml:17:1-24:12
MERGED from [com.google.android.exoplayer:exoplayer-datasource:2.18.1] AndroidManifest.xml:17:1-24:12
MERGED from [com.google.android.exoplayer:exoplayer-extractor:2.18.1] AndroidManifest.xml:17:1-24:12
MERGED from [com.google.android.exoplayer:exoplayer-decoder:2.18.1] AndroidManifest.xml:17:1-24:12
MERGED from [com.google.android.exoplayer:exoplayer-database:2.18.1] AndroidManifest.xml:17:1-24:12
MERGED from [com.google.android.exoplayer:exoplayer-common:2.18.1] AndroidManifest.xml:17:1-26:12
MERGED from [androidx.lifecycle:lifecycle-service:2.5.1] AndroidManifest.xml:17:1-24:12
MERGED from [androidx.lifecycle:lifecycle-reactivestreams:2.5.1] AndroidManifest.xml:17:1-24:12
MERGED from [androidx.lifecycle:lifecycle-runtime:2.5.1] AndroidManifest.xml:17:1-24:12
MERGED from [androidx.savedstate:savedstate:1.2.0] AndroidManifest.xml:17:1-24:12
MERGED from [androidx.lifecycle:lifecycle-livedata:2.5.1] AndroidManifest.xml:17:1-24:12
MERGED from [androidx.lifecycle:lifecycle-livedata-core:2.5.1] AndroidManifest.xml:17:1-24:12
MERGED from [com.google.firebase:firebase-components:17.1.0] AndroidManifest.xml:15:1-22:12
MERGED from [androidx.cursoradapter:cursoradapter:1.0.0] AndroidManifest.xml:17:1-22:12
MERGED from [androidx.room:room-runtime:2.2.5] AndroidManifest.xml:17:1-31:12
MERGED from [androidx.sqlite:sqlite-framework:2.1.0] AndroidManifest.xml:17:1-24:12
MERGED from [androidx.sqlite:sqlite:2.1.0] AndroidManifest.xml:17:1-24:12
MERGED from [androidx.arch.core:core-runtime:2.1.0] AndroidManifest.xml:17:1-24:12
MERGED from [androidx.interpolator:interpolator:1.0.0] AndroidManifest.xml:17:1-22:12
MERGED from [io.agora.rtm:rtm-sdk:1.5.3] AndroidManifest.xml:2:1-11:12
MERGED from [com.github.zegolibrary:zim:2.5.0] AndroidManifest.xml:2:1-11:12
MERGED from [im.zego:zpns:2.2.0] AndroidManifest.xml:2:1-144:12
MERGED from [io.grpc:grpc-android:1.50.2] AndroidManifest.xml:2:1-11:12
MERGED from [io.agora.rtc:iris-rtc:4.1.0-rc.2] AndroidManifest.xml:2:1-11:12
MERGED from [io.agora.rtc:full-sdk:4.1.0-1] AndroidManifest.xml:2:1-11:12
MERGED from [io.agora.rtc:full-screen-sharing:4.1.0-1] AndroidManifest.xml:2:1-20:12
MERGED from [io.reactivex.rxjava2:rxandroid:2.1.1] AndroidManifest.xml:15:1-20:12
MERGED from [io.agora.rtc:iris-event-flutter:2.0.0] AndroidManifest.xml:2:1-11:12
MERGED from [im.zego:express-video:3.2.0] AndroidManifest.xml:2:1-8:12
MERGED from [androidx.annotation:annotation-experimental:1.3.0] AndroidManifest.xml:17:1-22:12
MERGED from [me.leolin:ShortcutBadger:1.1.22] AndroidManifest.xml:2:1-52:12
MERGED from [com.google.firebase:protolite-well-known-types:18.0.0] AndroidManifest.xml:2:1-11:12
INJECTED from src/debug/AndroidManifest.xml:1:1-7:12
INJECTED from src/debug/AndroidManifest.xml:1:1-7:12
INJECTED from src/debug/AndroidManifest.xml:1:1-7:12
	package
		ADDED from src/main/AndroidManifest.xml:1:70-103
		INJECTED from src/main/AndroidManifest.xml
		INJECTED from src/debug/AndroidManifest.xml
	android:versionName
		INJECTED from src/main/AndroidManifest.xml
		ADDED from src/main/AndroidManifest.xml:1:1-40:12
		INJECTED from src/debug/AndroidManifest.xml
	android:versionCode
		INJECTED from src/main/AndroidManifest.xml
		ADDED from src/main/AndroidManifest.xml:1:1-40:12
		INJECTED from src/debug/AndroidManifest.xml
	xmlns:android
		ADDED from src/main/AndroidManifest.xml:1:11-69
uses-permission#android.permission.ACCESS_WIFI_STATE
ADDED from src/main/AndroidManifest.xml:2:3-74
MERGED from [:agora_rtc_engine] AndroidManifest.xml:17:5-76
MERGED from [:agora_rtc_engine] AndroidManifest.xml:17:5-76
MERGED from [im.zego:zpns:2.2.0] AndroidManifest.xml:12:5-76
MERGED from [im.zego:zpns:2.2.0] AndroidManifest.xml:12:5-76
	android:name
		ADDED from src/main/AndroidManifest.xml:2:20-71
uses-permission#android.permission.WRITE_EXTERNAL_STORAGE
ADDED from src/main/AndroidManifest.xml:3:3-79
MERGED from [:agora_rtm] AndroidManifest.xml:11:5-81
MERGED from [:agora_rtm] AndroidManifest.xml:11:5-81
MERGED from [im.zego:zpns:2.2.0] AndroidManifest.xml:9:5-81
MERGED from [im.zego:zpns:2.2.0] AndroidManifest.xml:9:5-81
	android:name
		ADDED from src/main/AndroidManifest.xml:3:20-76
uses-permission#android.permission.WAKE_LOCK
ADDED from src/main/AndroidManifest.xml:4:3-66
MERGED from [com.github.umair13adil:RxLogs:1.0.18] AndroidManifest.xml:11:5-68
MERGED from [com.github.umair13adil:RxLogs:1.0.18] AndroidManifest.xml:11:5-68
MERGED from [com.github.canardoux:flutter_sound_core:9.2.13] AndroidManifest.xml:12:5-68
MERGED from [com.github.canardoux:flutter_sound_core:9.2.13] AndroidManifest.xml:12:5-68
MERGED from [androidx.work:work-runtime:2.7.1] AndroidManifest.xml:25:5-68
MERGED from [androidx.work:work-runtime:2.7.1] AndroidManifest.xml:25:5-68
	android:name
		ADDED from src/main/AndroidManifest.xml:4:20-63
uses-permission#android.permission.READ_CONTACTS
ADDED from src/main/AndroidManifest.xml:5:3-69
	android:name
		ADDED from src/main/AndroidManifest.xml:5:20-67
uses-permission#android.permission.WRITE_CONTACTS
ADDED from src/main/AndroidManifest.xml:6:3-70
	android:name
		ADDED from src/main/AndroidManifest.xml:6:20-68
uses-permission#android.permission.INTERNET
ADDED from src/main/AndroidManifest.xml:7:3-64
MERGED from src/main/AndroidManifest.xml:7:3-64
MERGED from src/main/AndroidManifest.xml:7:3-64
MERGED from src/main/AndroidManifest.xml:11:3-65
MERGED from src/main/AndroidManifest.xml:11:3-65
MERGED from [:agora_rtm] AndroidManifest.xml:9:5-67
MERGED from [:agora_rtm] AndroidManifest.xml:9:5-67
MERGED from [:agora_rtc_engine] AndroidManifest.xml:11:5-67
MERGED from [:agora_rtc_engine] AndroidManifest.xml:11:5-67
MERGED from [com.github.umair13adil:RxLogs:1.0.18] AndroidManifest.xml:10:5-67
MERGED from [com.github.umair13adil:RxLogs:1.0.18] AndroidManifest.xml:10:5-67
MERGED from [com.google.firebase:firebase-auth:21.1.0] AndroidManifest.xml:23:5-67
MERGED from [com.google.firebase:firebase-auth:21.1.0] AndroidManifest.xml:23:5-67
MERGED from [com.google.firebase:firebase-firestore:24.4.2] AndroidManifest.xml:13:5-67
MERGED from [com.google.firebase:firebase-firestore:24.4.2] AndroidManifest.xml:13:5-67
MERGED from [com.google.firebase:firebase-storage:20.1.0] AndroidManifest.xml:26:5-67
MERGED from [com.google.firebase:firebase-storage:20.1.0] AndroidManifest.xml:26:5-67
MERGED from [im.zego:zpns:2.2.0] AndroidManifest.xml:10:5-67
MERGED from [im.zego:zpns:2.2.0] AndroidManifest.xml:10:5-67
	android:name
		ADDED from src/main/AndroidManifest.xml:7:20-62
uses-permission#android.permission.RECORD_AUDIO
ADDED from src/main/AndroidManifest.xml:8:3-69
MERGED from [:agora_rtc_engine] AndroidManifest.xml:12:5-71
MERGED from [:agora_rtc_engine] AndroidManifest.xml:12:5-71
	android:name
		ADDED from src/main/AndroidManifest.xml:8:20-66
uses-permission#android.permission.FOREGROUND_SERVICE
ADDED from src/main/AndroidManifest.xml:9:3-75
MERGED from [:zego_express_engine] AndroidManifest.xml:9:5-77
MERGED from [:zego_express_engine] AndroidManifest.xml:9:5-77
MERGED from [androidx.work:work-runtime:2.7.1] AndroidManifest.xml:28:5-77
MERGED from [androidx.work:work-runtime:2.7.1] AndroidManifest.xml:28:5-77
MERGED from [io.agora.rtc:full-screen-sharing:4.1.0-1] AndroidManifest.xml:7:5-77
MERGED from [io.agora.rtc:full-screen-sharing:4.1.0-1] AndroidManifest.xml:7:5-77
	android:name
		ADDED from src/main/AndroidManifest.xml:9:20-72
uses-permission#android.permission.READ_PHONE_STATE
ADDED from src/main/AndroidManifest.xml:10:3-72
MERGED from [:agora_rtc_engine] AndroidManifest.xml:10:5-75
MERGED from [:agora_rtc_engine] AndroidManifest.xml:10:5-75
MERGED from [com.github.umair13adil:RxLogs:1.0.18] AndroidManifest.xml:13:5-75
MERGED from [com.github.umair13adil:RxLogs:1.0.18] AndroidManifest.xml:13:5-75
MERGED from [im.zego:zpns:2.2.0] AndroidManifest.xml:13:5-75
MERGED from [im.zego:zpns:2.2.0] AndroidManifest.xml:13:5-75
	android:name
		ADDED from src/main/AndroidManifest.xml:10:20-70
uses-permission#android.permission.CAMERA
ADDED from src/main/AndroidManifest.xml:13:3-63
MERGED from [:agora_rtc_engine] AndroidManifest.xml:13:5-65
MERGED from [:agora_rtc_engine] AndroidManifest.xml:13:5-65
	android:name
		ADDED from src/main/AndroidManifest.xml:13:20-60
uses-permission#android.permission.MODIFY_AUDIO_SETTINGS
ADDED from src/main/AndroidManifest.xml:14:3-78
MERGED from [:agora_rtc_engine] AndroidManifest.xml:14:5-80
MERGED from [:agora_rtc_engine] AndroidManifest.xml:14:5-80
MERGED from [com.github.canardoux:flutter_sound_core:9.2.13] AndroidManifest.xml:13:5-80
MERGED from [com.github.canardoux:flutter_sound_core:9.2.13] AndroidManifest.xml:13:5-80
	android:name
		ADDED from src/main/AndroidManifest.xml:14:20-75
uses-permission#android.permission.ACCESS_NETWORK_STATE
ADDED from src/main/AndroidManifest.xml:15:3-77
MERGED from [:agora_rtm] AndroidManifest.xml:10:5-79
MERGED from [:agora_rtm] AndroidManifest.xml:10:5-79
MERGED from [:agora_rtc_engine] AndroidManifest.xml:15:5-79
MERGED from [:agora_rtc_engine] AndroidManifest.xml:15:5-79
MERGED from [com.github.umair13adil:RxLogs:1.0.18] AndroidManifest.xml:12:5-79
MERGED from [com.github.umair13adil:RxLogs:1.0.18] AndroidManifest.xml:12:5-79
MERGED from [com.google.firebase:firebase-auth:21.1.0] AndroidManifest.xml:24:5-79
MERGED from [com.google.firebase:firebase-auth:21.1.0] AndroidManifest.xml:24:5-79
MERGED from [com.google.firebase:firebase-firestore:24.4.2] AndroidManifest.xml:12:5-79
MERGED from [com.google.firebase:firebase-firestore:24.4.2] AndroidManifest.xml:12:5-79
MERGED from [com.google.firebase:firebase-storage:20.1.0] AndroidManifest.xml:25:5-79
MERGED from [com.google.firebase:firebase-storage:20.1.0] AndroidManifest.xml:25:5-79
MERGED from [com.google.android.exoplayer:exoplayer-core:2.18.1] AndroidManifest.xml:24:5-79
MERGED from [com.google.android.exoplayer:exoplayer-core:2.18.1] AndroidManifest.xml:24:5-79
MERGED from [androidx.work:work-runtime:2.7.1] AndroidManifest.xml:26:5-79
MERGED from [androidx.work:work-runtime:2.7.1] AndroidManifest.xml:26:5-79
MERGED from [com.google.android.exoplayer:exoplayer-common:2.18.1] AndroidManifest.xml:24:5-79
MERGED from [com.google.android.exoplayer:exoplayer-common:2.18.1] AndroidManifest.xml:24:5-79
MERGED from [im.zego:zpns:2.2.0] AndroidManifest.xml:11:5-79
MERGED from [im.zego:zpns:2.2.0] AndroidManifest.xml:11:5-79
MERGED from [io.grpc:grpc-android:1.50.2] AndroidManifest.xml:9:5-79
MERGED from [io.grpc:grpc-android:1.50.2] AndroidManifest.xml:9:5-79
	android:name
		ADDED from src/main/AndroidManifest.xml:15:20-74
uses-permission#android.permission.BLUETOOTH
ADDED from src/main/AndroidManifest.xml:17:3-66
MERGED from [:agora_rtc_engine] AndroidManifest.xml:16:5-68
MERGED from [:agora_rtc_engine] AndroidManifest.xml:16:5-68
MERGED from [com.github.canardoux:flutter_sound_core:9.2.13] AndroidManifest.xml:11:5-68
MERGED from [com.github.canardoux:flutter_sound_core:9.2.13] AndroidManifest.xml:11:5-68
	android:name
		ADDED from src/main/AndroidManifest.xml:17:20-63
application
ADDED from src/main/AndroidManifest.xml:18:3-39:17
MERGED from [:cloud_firestore] AndroidManifest.xml:9:5-15:19
MERGED from [:cloud_firestore] AndroidManifest.xml:9:5-15:19
MERGED from [:firebase_auth] AndroidManifest.xml:9:5-15:19
MERGED from [:firebase_auth] AndroidManifest.xml:9:5-15:19
MERGED from [:firebase_storage] AndroidManifest.xml:9:5-15:19
MERGED from [:firebase_storage] AndroidManifest.xml:9:5-15:19
MERGED from [:firebase_core] AndroidManifest.xml:9:5-15:19
MERGED from [:firebase_core] AndroidManifest.xml:9:5-15:19
MERGED from [:zego_zpns] AndroidManifest.xml:9:5-18:19
MERGED from [:zego_zpns] AndroidManifest.xml:9:5-18:19
MERGED from [:image_picker_android] AndroidManifest.xml:9:5-19:19
MERGED from [:image_picker_android] AndroidManifest.xml:9:5-19:19
MERGED from [:awesome_notifications] AndroidManifest.xml:14:5-50:19
MERGED from [:awesome_notifications] AndroidManifest.xml:14:5-50:19
MERGED from [:zego_express_engine] AndroidManifest.xml:11:5-28:19
MERGED from [:zego_express_engine] AndroidManifest.xml:11:5-28:19
MERGED from [com.github.umair13adil:RxLogs:1.0.18] AndroidManifest.xml:15:5-19:19
MERGED from [com.github.umair13adil:RxLogs:1.0.18] AndroidManifest.xml:15:5-19:19
MERGED from [me.carda:androidcore:0.7.7] AndroidManifest.xml:9:5-16:19
MERGED from [me.carda:androidcore:0.7.7] AndroidManifest.xml:9:5-16:19
MERGED from [com.github.canardoux:flutter_sound_core:9.2.13] AndroidManifest.xml:15:5-16:19
MERGED from [com.github.canardoux:flutter_sound_core:9.2.13] AndroidManifest.xml:15:5-16:19
MERGED from [com.google.firebase:firebase-auth:21.1.0] AndroidManifest.xml:26:5-71:19
MERGED from [com.google.firebase:firebase-auth:21.1.0] AndroidManifest.xml:26:5-71:19
MERGED from [com.google.firebase:firebase-firestore:24.4.2] AndroidManifest.xml:15:5-23:19
MERGED from [com.google.firebase:firebase-firestore:24.4.2] AndroidManifest.xml:15:5-23:19
MERGED from [com.google.firebase:firebase-storage:20.1.0] AndroidManifest.xml:28:5-36:19
MERGED from [com.google.firebase:firebase-storage:20.1.0] AndroidManifest.xml:28:5-36:19
MERGED from [com.google.firebase:firebase-auth-interop:20.0.0] AndroidManifest.xml:7:5-8:19
MERGED from [com.google.firebase:firebase-auth-interop:20.0.0] AndroidManifest.xml:7:5-8:19
MERGED from [com.google.firebase:firebase-appcheck-interop:16.1.1] AndroidManifest.xml:23:5-20
MERGED from [com.google.firebase:firebase-appcheck-interop:16.1.1] AndroidManifest.xml:23:5-20
MERGED from [com.google.firebase:firebase-common:20.3.0] AndroidManifest.xml:24:5-37:19
MERGED from [com.google.firebase:firebase-common:20.3.0] AndroidManifest.xml:24:5-37:19
MERGED from [com.google.android.gms:play-services-safetynet:17.0.0] AndroidManifest.xml:22:5-20
MERGED from [com.google.android.gms:play-services-safetynet:17.0.0] AndroidManifest.xml:22:5-20
MERGED from [com.google.android.gms:play-services-base:18.0.1] AndroidManifest.xml:19:5-23:19
MERGED from [com.google.android.gms:play-services-base:18.0.1] AndroidManifest.xml:19:5-23:19
MERGED from [com.google.android.gms:play-services-tasks:18.0.2] AndroidManifest.xml:5:5-20
MERGED from [com.google.android.gms:play-services-tasks:18.0.2] AndroidManifest.xml:5:5-20
MERGED from [com.google.android.gms:play-services-basement:18.1.0] AndroidManifest.xml:20:5-24:19
MERGED from [com.google.android.gms:play-services-basement:18.1.0] AndroidManifest.xml:20:5-24:19
MERGED from [androidx.window:window:1.0.0-beta04] AndroidManifest.xml:24:5-31:19
MERGED from [androidx.window:window:1.0.0-beta04] AndroidManifest.xml:24:5-31:19
MERGED from [androidx.work:work-runtime:2.7.1] AndroidManifest.xml:30:5-143:19
MERGED from [androidx.work:work-runtime:2.7.1] AndroidManifest.xml:30:5-143:19
MERGED from [androidx.emoji2:emoji2:1.2.0] AndroidManifest.xml:23:5-33:19
MERGED from [androidx.emoji2:emoji2:1.2.0] AndroidManifest.xml:23:5-33:19
MERGED from [androidx.core:core:1.9.0] AndroidManifest.xml:28:5-89
MERGED from [androidx.core:core:1.9.0] AndroidManifest.xml:28:5-89
MERGED from [androidx.lifecycle:lifecycle-process:2.5.1] AndroidManifest.xml:25:5-35:19
MERGED from [androidx.lifecycle:lifecycle-process:2.5.1] AndroidManifest.xml:25:5-35:19
MERGED from [androidx.startup:startup-runtime:1.1.1] AndroidManifest.xml:25:5-31:19
MERGED from [androidx.startup:startup-runtime:1.1.1] AndroidManifest.xml:25:5-31:19
MERGED from [androidx.versionedparcelable:versionedparcelable:1.1.1] AndroidManifest.xml:24:5-25:19
MERGED from [androidx.versionedparcelable:versionedparcelable:1.1.1] AndroidManifest.xml:24:5-25:19
MERGED from [androidx.room:room-runtime:2.2.5] AndroidManifest.xml:24:5-29:19
MERGED from [androidx.room:room-runtime:2.2.5] AndroidManifest.xml:24:5-29:19
MERGED from [im.zego:zpns:2.2.0] AndroidManifest.xml:24:5-142:19
MERGED from [im.zego:zpns:2.2.0] AndroidManifest.xml:24:5-142:19
MERGED from [io.agora.rtc:full-screen-sharing:4.1.0-1] AndroidManifest.xml:9:5-19:19
MERGED from [io.agora.rtc:full-screen-sharing:4.1.0-1] AndroidManifest.xml:9:5-19:19
	android:appComponentFactory
		ADDED from [androidx.core:core:1.9.0] AndroidManifest.xml:28:18-86
	android:label
		ADDED from src/main/AndroidManifest.xml:18:16-43
	android:icon
		ADDED from src/main/AndroidManifest.xml:18:44-78
activity#com.example.whatsapp_ui.MainActivity
ADDED from src/main/AndroidManifest.xml:19:5-35:16
	android:launchMode
		ADDED from src/main/AndroidManifest.xml:19:44-74
	android:hardwareAccelerated
		ADDED from src/main/AndroidManifest.xml:19:261-295
	android:windowSoftInputMode
		ADDED from src/main/AndroidManifest.xml:19:296-338
	android:configChanges
		ADDED from src/main/AndroidManifest.xml:19:110-260
	android:theme
		ADDED from src/main/AndroidManifest.xml:19:75-109
	android:name
		ADDED from src/main/AndroidManifest.xml:19:15-43
meta-data#io.flutter.embedding.android.NormalTheme
ADDED from src/main/AndroidManifest.xml:24:7-114
	android:resource
		ADDED from src/main/AndroidManifest.xml:24:74-111
	android:name
		ADDED from src/main/AndroidManifest.xml:24:18-73
meta-data#io.flutter.embedding.android.SplashScreenDrawable
ADDED from src/main/AndroidManifest.xml:30:7-132
	android:resource
		ADDED from src/main/AndroidManifest.xml:30:83-129
	android:name
		ADDED from src/main/AndroidManifest.xml:30:18-82
intent-filter#action:name:android.intent.action.MAIN+category:name:android.intent.category.LAUNCHER
ADDED from src/main/AndroidManifest.xml:31:7-34:23
action#android.intent.action.MAIN
ADDED from src/main/AndroidManifest.xml:32:9-60
	android:name
		ADDED from src/main/AndroidManifest.xml:32:17-58
category#android.intent.category.LAUNCHER
ADDED from src/main/AndroidManifest.xml:33:9-68
	android:name
		ADDED from src/main/AndroidManifest.xml:33:19-66
meta-data#flutterEmbedding
ADDED from src/main/AndroidManifest.xml:38:5-68
	android:value
		ADDED from src/main/AndroidManifest.xml:38:48-65
	android:name
		ADDED from src/main/AndroidManifest.xml:38:16-47
uses-sdk
INJECTED from src/main/AndroidManifest.xml reason: use-sdk injection requested
INJECTED from src/main/AndroidManifest.xml
INJECTED from src/main/AndroidManifest.xml
MERGED from [:cloud_firestore] AndroidManifest.xml:5:5-7:41
MERGED from [:cloud_firestore] AndroidManifest.xml:5:5-7:41
MERGED from [:firebase_auth] AndroidManifest.xml:5:5-7:41
MERGED from [:firebase_auth] AndroidManifest.xml:5:5-7:41
MERGED from [:firebase_storage] AndroidManifest.xml:5:5-7:41
MERGED from [:firebase_storage] AndroidManifest.xml:5:5-7:41
MERGED from [:firebase_core] AndroidManifest.xml:5:5-7:41
MERGED from [:firebase_core] AndroidManifest.xml:5:5-7:41
MERGED from [:agora_uikit] AndroidManifest.xml:5:5-7:41
MERGED from [:agora_uikit] AndroidManifest.xml:5:5-7:41
MERGED from [:agora_rtm] AndroidManifest.xml:5:5-7:41
MERGED from [:agora_rtm] AndroidManifest.xml:5:5-7:41
MERGED from [:zego_zim] AndroidManifest.xml:5:5-7:41
MERGED from [:zego_zim] AndroidManifest.xml:5:5-7:41
MERGED from [:cached_video_player] AndroidManifest.xml:5:5-7:41
MERGED from [:cached_video_player] AndroidManifest.xml:5:5-7:41
MERGED from [:path_provider_android] AndroidManifest.xml:5:5-7:41
MERGED from [:path_provider_android] AndroidManifest.xml:5:5-7:41
MERGED from [:wakelock] AndroidManifest.xml:5:5-7:41
MERGED from [:wakelock] AndroidManifest.xml:5:5-7:41
MERGED from [:shared_preferences_android] AndroidManifest.xml:5:5-7:41
MERGED from [:shared_preferences_android] AndroidManifest.xml:5:5-7:41
MERGED from [:zego_zpns] AndroidManifest.xml:5:5-7:41
MERGED from [:zego_zpns] AndroidManifest.xml:5:5-7:41
MERGED from [:agora_rtc_engine] AndroidManifest.xml:6:5-8:41
MERGED from [:agora_rtc_engine] AndroidManifest.xml:6:5-8:41
MERGED from [:flutter_sound] AndroidManifest.xml:5:5-7:41
MERGED from [:flutter_sound] AndroidManifest.xml:5:5-7:41
MERGED from [:flutter_logs] AndroidManifest.xml:5:5-7:41
MERGED from [:flutter_logs] AndroidManifest.xml:5:5-7:41
MERGED from [:image_picker_android] AndroidManifest.xml:5:5-7:41
MERGED from [:image_picker_android] AndroidManifest.xml:5:5-7:41
MERGED from [:video_player_android] AndroidManifest.xml:5:5-7:41
MERGED from [:video_player_android] AndroidManifest.xml:5:5-7:41
MERGED from [:native_device_orientation] AndroidManifest.xml:5:5-7:41
MERGED from [:native_device_orientation] AndroidManifest.xml:5:5-7:41
MERGED from [:flutter_plugin_android_lifecycle] AndroidManifest.xml:5:5-7:41
MERGED from [:flutter_plugin_android_lifecycle] AndroidManifest.xml:5:5-7:41
MERGED from [:flutter_vibrate] AndroidManifest.xml:5:5-7:41
MERGED from [:flutter_vibrate] AndroidManifest.xml:5:5-7:41
MERGED from [:awesome_notifications] AndroidManifest.xml:5:5-7:41
MERGED from [:awesome_notifications] AndroidManifest.xml:5:5-7:41
MERGED from [:audioplayers_android] AndroidManifest.xml:7:5-9:41
MERGED from [:audioplayers_android] AndroidManifest.xml:7:5-9:41
MERGED from [:sqflite] AndroidManifest.xml:5:5-7:41
MERGED from [:sqflite] AndroidManifest.xml:5:5-7:41
MERGED from [:iris_event] AndroidManifest.xml:5:5-7:41
MERGED from [:iris_event] AndroidManifest.xml:5:5-7:41
MERGED from [:permission_handler_android] AndroidManifest.xml:5:5-7:41
MERGED from [:permission_handler_android] AndroidManifest.xml:5:5-7:41
MERGED from [:emoji_picker_flutter] AndroidManifest.xml:5:5-7:41
MERGED from [:emoji_picker_flutter] AndroidManifest.xml:5:5-7:41
MERGED from [:zego_express_engine] AndroidManifest.xml:5:5-7:41
MERGED from [:zego_express_engine] AndroidManifest.xml:5:5-7:41
MERGED from [:flutter_contacts] AndroidManifest.xml:5:5-7:41
MERGED from [:flutter_contacts] AndroidManifest.xml:5:5-7:41
MERGED from [com.github.umair13adil:RxLogs:1.0.18] AndroidManifest.xml:5:5-7:41
MERGED from [com.github.umair13adil:RxLogs:1.0.18] AndroidManifest.xml:5:5-7:41
MERGED from [androidx.work:work-runtime-ktx:2.7.1] AndroidManifest.xml:20:5-22:41
MERGED from [androidx.work:work-runtime-ktx:2.7.1] AndroidManifest.xml:20:5-22:41
MERGED from [me.carda:androidcore:0.7.7] AndroidManifest.xml:5:5-7:41
MERGED from [me.carda:androidcore:0.7.7] AndroidManifest.xml:5:5-7:41
MERGED from [com.github.canardoux:flutter_sound_core:9.2.13] AndroidManifest.xml:7:5-9:41
MERGED from [com.github.canardoux:flutter_sound_core:9.2.13] AndroidManifest.xml:7:5-9:41
MERGED from [androidx.appcompat:appcompat-resources:1.5.1] AndroidManifest.xml:20:5-44
MERGED from [androidx.appcompat:appcompat-resources:1.5.1] AndroidManifest.xml:20:5-44
MERGED from [androidx.appcompat:appcompat:1.5.1] AndroidManifest.xml:20:5-44
MERGED from [androidx.appcompat:appcompat:1.5.1] AndroidManifest.xml:20:5-44
MERGED from [com.google.firebase:firebase-auth:21.1.0] AndroidManifest.xml:21:5-44
MERGED from [com.google.firebase:firebase-auth:21.1.0] AndroidManifest.xml:21:5-44
MERGED from [com.google.firebase:firebase-firestore:24.4.2] AndroidManifest.xml:6:5-8:41
MERGED from [com.google.firebase:firebase-firestore:24.4.2] AndroidManifest.xml:6:5-8:41
MERGED from [com.google.firebase:firebase-storage:20.1.0] AndroidManifest.xml:19:5-21:41
MERGED from [com.google.firebase:firebase-storage:20.1.0] AndroidManifest.xml:19:5-21:41
MERGED from [com.google.firebase:firebase-auth-interop:20.0.0] AndroidManifest.xml:5:5-44
MERGED from [com.google.firebase:firebase-auth-interop:20.0.0] AndroidManifest.xml:5:5-44
MERGED from [com.google.firebase:firebase-appcheck-interop:16.1.1] AndroidManifest.xml:18:5-20:41
MERGED from [com.google.firebase:firebase-appcheck-interop:16.1.1] AndroidManifest.xml:18:5-20:41
MERGED from [com.google.firebase:firebase-common:20.3.0] AndroidManifest.xml:19:5-21:41
MERGED from [com.google.firebase:firebase-common:20.3.0] AndroidManifest.xml:19:5-21:41
MERGED from [com.google.android.gms:play-services-auth-api-phone:17.4.0] AndroidManifest.xml:5:5-44
MERGED from [com.google.android.gms:play-services-auth-api-phone:17.4.0] AndroidManifest.xml:5:5-44